[2025-02-23 12:52:17] development.ERROR: Connection refused [tcp://127.0.0.1:6379] {"exception":"[object] (Predis\\Connection\\ConnectionException(code: 111): Connection refused [tcp://127.0.0.1:6379] at /var/www/vendor/predis/predis/src/Connection/AbstractConnection.php:132)
[stacktrace]
#0 /var/www/vendor/predis/predis/src/Connection/StreamConnection.php(109): Predis\\Connection\\AbstractConnection->onConnectionError('Connection refu...', 111)
#1 /var/www/vendor/predis/predis/src/Connection/StreamConnection.php(154): Predis\\Connection\\StreamConnection->createStreamSocket(Object(Predis\\Connection\\Parameters), 'tcp://127.0.0.1...', 4)
#2 /var/www/vendor/predis/predis/src/Connection/StreamConnection.php(80): Predis\\Connection\\StreamConnection->tcpStreamInitializer(Object(Predis\\Connection\\Parameters))
#3 /var/www/vendor/predis/predis/src/Connection/AbstractConnection.php(81): Predis\\Connection\\StreamConnection->createResource()
#4 /var/www/vendor/predis/predis/src/Connection/StreamConnection.php(230): Predis\\Connection\\AbstractConnection->connect()
#5 /var/www/vendor/predis/predis/src/Connection/AbstractConnection.php(157): Predis\\Connection\\StreamConnection->connect()
#6 /var/www/vendor/predis/predis/src/Connection/StreamConnection.php(260): Predis\\Connection\\AbstractConnection->getResource()
#7 /var/www/vendor/predis/predis/src/Connection/StreamConnection.php(367): Predis\\Connection\\StreamConnection->write('*2\\r\\n$3\\r\\nGET\\r\\n$6...')
#8 /var/www/vendor/predis/predis/src/Connection/AbstractConnection.php(110): Predis\\Connection\\StreamConnection->writeRequest(Object(Predis\\Command\\Redis\\GET))
#9 /var/www/vendor/predis/predis/src/Client.php(316): Predis\\Connection\\AbstractConnection->executeCommand(Object(Predis\\Command\\Redis\\GET))
#10 /var/www/vendor/predis/predis/src/Client.php(298): Predis\\Client->executeCommand(Object(Predis\\Command\\Redis\\GET))
#11 /var/www/vendor/laravel/framework/src/Illuminate/Redis/Connections/Connection.php(116): Predis\\Client->__call('get', Array)
#12 /var/www/vendor/laravel/framework/src/Illuminate/Redis/Connections/Connection.php(229): Illuminate\\Redis\\Connections\\Connection->command('get', Array)
#13 /var/www/vendor/laravel/framework/src/Illuminate/Cache/RedisStore.php(73): Illuminate\\Redis\\Connections\\Connection->__call('get', Array)
#14 /var/www/vendor/laravel/framework/src/Illuminate/Cache/Repository.php(117): Illuminate\\Cache\\RedisStore->get('illuminate:queu...')
#15 /var/www/vendor/laravel/framework/src/Illuminate/Queue/Worker.php(714): Illuminate\\Cache\\Repository->get('illuminate:queu...')
#16 /var/www/vendor/laravel/framework/src/Illuminate/Queue/Worker.php(139): Illuminate\\Queue\\Worker->getTimestampOfLastQueueRestart()
#17 /var/www/vendor/laravel/framework/src/Illuminate/Queue/Console/WorkCommand.php(149): Illuminate\\Queue\\Worker->daemon('redis', 'default', Object(Illuminate\\Queue\\WorkerOptions))
#18 /var/www/vendor/laravel/framework/src/Illuminate/Queue/Console/WorkCommand.php(132): Illuminate\\Queue\\Console\\WorkCommand->runWorker('redis', 'default')
#19 /var/www/vendor/laravel/framework/src/Illuminate/Container/BoundMethod.php(36): Illuminate\\Queue\\Console\\WorkCommand->handle()
#20 /var/www/vendor/laravel/framework/src/Illuminate/Container/Util.php(43): Illuminate\\Container\\BoundMethod::Illuminate\\Container\\{closure}()
#21 /var/www/vendor/laravel/framework/src/Illuminate/Container/BoundMethod.php(95): Illuminate\\Container\\Util::unwrapIfClosure(Object(Closure))
#22 /var/www/vendor/laravel/framework/src/Illuminate/Container/BoundMethod.php(35): Illuminate\\Container\\BoundMethod::callBoundMethod(Object(Illuminate\\Foundation\\Application), Array, Object(Closure))
#23 /var/www/vendor/laravel/framework/src/Illuminate/Container/Container.php(696): Illuminate\\Container\\BoundMethod::call(Object(Illuminate\\Foundation\\Application), Array, Array, NULL)
#24 /var/www/vendor/laravel/framework/src/Illuminate/Console/Command.php(213): Illuminate\\Container\\Container->call(Array)
#25 /var/www/vendor/symfony/console/Command/Command.php(279): Illuminate\\Console\\Command->execute(Object(Symfony\\Component\\Console\\Input\\ArgvInput), Object(Illuminate\\Console\\OutputStyle))
#26 /var/www/vendor/laravel/framework/src/Illuminate/Console/Command.php(182): Symfony\\Component\\Console\\Command\\Command->run(Object(Symfony\\Component\\Console\\Input\\ArgvInput), Object(Illuminate\\Console\\OutputStyle))
#27 /var/www/vendor/symfony/console/Application.php(1094): Illuminate\\Console\\Command->run(Object(Symfony\\Component\\Console\\Input\\ArgvInput), Object(Symfony\\Component\\Console\\Output\\ConsoleOutput))
#28 /var/www/vendor/symfony/console/Application.php(342): Symfony\\Component\\Console\\Application->doRunCommand(Object(Illuminate\\Queue\\Console\\WorkCommand), Object(Symfony\\Component\\Console\\Input\\ArgvInput), Object(Symfony\\Component\\Console\\Output\\ConsoleOutput))
#29 /var/www/vendor/symfony/console/Application.php(193): Symfony\\Component\\Console\\Application->doRun(Object(Symfony\\Component\\Console\\Input\\ArgvInput), Object(Symfony\\Component\\Console\\Output\\ConsoleOutput))
#30 /var/www/vendor/laravel/framework/src/Illuminate/Foundation/Console/Kernel.php(198): Symfony\\Component\\Console\\Application->run(Object(Symfony\\Component\\Console\\Input\\ArgvInput), Object(Symfony\\Component\\Console\\Output\\ConsoleOutput))
#31 /var/www/vendor/laravel/framework/src/Illuminate/Foundation/Application.php(1235): Illuminate\\Foundation\\Console\\Kernel->handle(Object(Symfony\\Component\\Console\\Input\\ArgvInput), Object(Symfony\\Component\\Console\\Output\\ConsoleOutput))
#32 /var/www/artisan(13): Illuminate\\Foundation\\Application->handleCommand(Object(Symfony\\Component\\Console\\Input\\ArgvInput))
#33 {main}
"} 
[2025-02-23 12:52:25] development.ERROR: Connection refused [tcp://127.0.0.1:6379] {"exception":"[object] (Predis\\Connection\\ConnectionException(code: 111): Connection refused [tcp://127.0.0.1:6379] at /var/www/vendor/predis/predis/src/Connection/AbstractConnection.php:132)
[stacktrace]
#0 /var/www/vendor/predis/predis/src/Connection/StreamConnection.php(109): Predis\\Connection\\AbstractConnection->onConnectionError('Connection refu...', 111)
#1 /var/www/vendor/predis/predis/src/Connection/StreamConnection.php(154): Predis\\Connection\\StreamConnection->createStreamSocket(Object(Predis\\Connection\\Parameters), 'tcp://127.0.0.1...', 4)
#2 /var/www/vendor/predis/predis/src/Connection/StreamConnection.php(80): Predis\\Connection\\StreamConnection->tcpStreamInitializer(Object(Predis\\Connection\\Parameters))
#3 /var/www/vendor/predis/predis/src/Connection/AbstractConnection.php(81): Predis\\Connection\\StreamConnection->createResource()
#4 /var/www/vendor/predis/predis/src/Connection/StreamConnection.php(230): Predis\\Connection\\AbstractConnection->connect()
#5 /var/www/vendor/predis/predis/src/Connection/AbstractConnection.php(157): Predis\\Connection\\StreamConnection->connect()
#6 /var/www/vendor/predis/predis/src/Connection/StreamConnection.php(260): Predis\\Connection\\AbstractConnection->getResource()
#7 /var/www/vendor/predis/predis/src/Connection/StreamConnection.php(367): Predis\\Connection\\StreamConnection->write('*2\\r\\n$3\\r\\nGET\\r\\n$6...')
#8 /var/www/vendor/predis/predis/src/Connection/AbstractConnection.php(110): Predis\\Connection\\StreamConnection->writeRequest(Object(Predis\\Command\\Redis\\GET))
#9 /var/www/vendor/predis/predis/src/Client.php(316): Predis\\Connection\\AbstractConnection->executeCommand(Object(Predis\\Command\\Redis\\GET))
#10 /var/www/vendor/predis/predis/src/Client.php(298): Predis\\Client->executeCommand(Object(Predis\\Command\\Redis\\GET))
#11 /var/www/vendor/laravel/framework/src/Illuminate/Redis/Connections/Connection.php(116): Predis\\Client->__call('get', Array)
#12 /var/www/vendor/laravel/framework/src/Illuminate/Redis/Connections/Connection.php(229): Illuminate\\Redis\\Connections\\Connection->command('get', Array)
#13 /var/www/vendor/laravel/framework/src/Illuminate/Cache/RedisStore.php(73): Illuminate\\Redis\\Connections\\Connection->__call('get', Array)
#14 /var/www/vendor/laravel/framework/src/Illuminate/Cache/Repository.php(117): Illuminate\\Cache\\RedisStore->get('illuminate:queu...')
#15 /var/www/vendor/laravel/framework/src/Illuminate/Queue/Worker.php(714): Illuminate\\Cache\\Repository->get('illuminate:queu...')
#16 /var/www/vendor/laravel/framework/src/Illuminate/Queue/Worker.php(139): Illuminate\\Queue\\Worker->getTimestampOfLastQueueRestart()
#17 /var/www/vendor/laravel/framework/src/Illuminate/Queue/Console/WorkCommand.php(149): Illuminate\\Queue\\Worker->daemon('redis', 'default', Object(Illuminate\\Queue\\WorkerOptions))
#18 /var/www/vendor/laravel/framework/src/Illuminate/Queue/Console/WorkCommand.php(132): Illuminate\\Queue\\Console\\WorkCommand->runWorker('redis', 'default')
#19 /var/www/vendor/laravel/framework/src/Illuminate/Container/BoundMethod.php(36): Illuminate\\Queue\\Console\\WorkCommand->handle()
#20 /var/www/vendor/laravel/framework/src/Illuminate/Container/Util.php(43): Illuminate\\Container\\BoundMethod::Illuminate\\Container\\{closure}()
#21 /var/www/vendor/laravel/framework/src/Illuminate/Container/BoundMethod.php(95): Illuminate\\Container\\Util::unwrapIfClosure(Object(Closure))
#22 /var/www/vendor/laravel/framework/src/Illuminate/Container/BoundMethod.php(35): Illuminate\\Container\\BoundMethod::callBoundMethod(Object(Illuminate\\Foundation\\Application), Array, Object(Closure))
#23 /var/www/vendor/laravel/framework/src/Illuminate/Container/Container.php(696): Illuminate\\Container\\BoundMethod::call(Object(Illuminate\\Foundation\\Application), Array, Array, NULL)
#24 /var/www/vendor/laravel/framework/src/Illuminate/Console/Command.php(213): Illuminate\\Container\\Container->call(Array)
#25 /var/www/vendor/symfony/console/Command/Command.php(279): Illuminate\\Console\\Command->execute(Object(Symfony\\Component\\Console\\Input\\ArgvInput), Object(Illuminate\\Console\\OutputStyle))
#26 /var/www/vendor/laravel/framework/src/Illuminate/Console/Command.php(182): Symfony\\Component\\Console\\Command\\Command->run(Object(Symfony\\Component\\Console\\Input\\ArgvInput), Object(Illuminate\\Console\\OutputStyle))
#27 /var/www/vendor/symfony/console/Application.php(1094): Illuminate\\Console\\Command->run(Object(Symfony\\Component\\Console\\Input\\ArgvInput), Object(Symfony\\Component\\Console\\Output\\ConsoleOutput))
#28 /var/www/vendor/symfony/console/Application.php(342): Symfony\\Component\\Console\\Application->doRunCommand(Object(Illuminate\\Queue\\Console\\WorkCommand), Object(Symfony\\Component\\Console\\Input\\ArgvInput), Object(Symfony\\Component\\Console\\Output\\ConsoleOutput))
#29 /var/www/vendor/symfony/console/Application.php(193): Symfony\\Component\\Console\\Application->doRun(Object(Symfony\\Component\\Console\\Input\\ArgvInput), Object(Symfony\\Component\\Console\\Output\\ConsoleOutput))
#30 /var/www/vendor/laravel/framework/src/Illuminate/Foundation/Console/Kernel.php(198): Symfony\\Component\\Console\\Application->run(Object(Symfony\\Component\\Console\\Input\\ArgvInput), Object(Symfony\\Component\\Console\\Output\\ConsoleOutput))
#31 /var/www/vendor/laravel/framework/src/Illuminate/Foundation/Application.php(1235): Illuminate\\Foundation\\Console\\Kernel->handle(Object(Symfony\\Component\\Console\\Input\\ArgvInput), Object(Symfony\\Component\\Console\\Output\\ConsoleOutput))
#32 /var/www/artisan(13): Illuminate\\Foundation\\Application->handleCommand(Object(Symfony\\Component\\Console\\Input\\ArgvInput))
#33 {main}
"} 
[2025-02-23 12:52:32] development.ERROR: Connection refused [tcp://127.0.0.1:6379] {"exception":"[object] (Predis\\Connection\\ConnectionException(code: 111): Connection refused [tcp://127.0.0.1:6379] at /var/www/vendor/predis/predis/src/Connection/AbstractConnection.php:132)
[stacktrace]
#0 /var/www/vendor/predis/predis/src/Connection/StreamConnection.php(109): Predis\\Connection\\AbstractConnection->onConnectionError('Connection refu...', 111)
#1 /var/www/vendor/predis/predis/src/Connection/StreamConnection.php(154): Predis\\Connection\\StreamConnection->createStreamSocket(Object(Predis\\Connection\\Parameters), 'tcp://127.0.0.1...', 4)
#2 /var/www/vendor/predis/predis/src/Connection/StreamConnection.php(80): Predis\\Connection\\StreamConnection->tcpStreamInitializer(Object(Predis\\Connection\\Parameters))
#3 /var/www/vendor/predis/predis/src/Connection/AbstractConnection.php(81): Predis\\Connection\\StreamConnection->createResource()
#4 /var/www/vendor/predis/predis/src/Connection/StreamConnection.php(230): Predis\\Connection\\AbstractConnection->connect()
#5 /var/www/vendor/predis/predis/src/Connection/AbstractConnection.php(157): Predis\\Connection\\StreamConnection->connect()
#6 /var/www/vendor/predis/predis/src/Connection/StreamConnection.php(260): Predis\\Connection\\AbstractConnection->getResource()
#7 /var/www/vendor/predis/predis/src/Connection/StreamConnection.php(367): Predis\\Connection\\StreamConnection->write('*2\\r\\n$3\\r\\nGET\\r\\n$6...')
#8 /var/www/vendor/predis/predis/src/Connection/AbstractConnection.php(110): Predis\\Connection\\StreamConnection->writeRequest(Object(Predis\\Command\\Redis\\GET))
#9 /var/www/vendor/predis/predis/src/Client.php(316): Predis\\Connection\\AbstractConnection->executeCommand(Object(Predis\\Command\\Redis\\GET))
#10 /var/www/vendor/predis/predis/src/Client.php(298): Predis\\Client->executeCommand(Object(Predis\\Command\\Redis\\GET))
#11 /var/www/vendor/laravel/framework/src/Illuminate/Redis/Connections/Connection.php(116): Predis\\Client->__call('get', Array)
#12 /var/www/vendor/laravel/framework/src/Illuminate/Redis/Connections/Connection.php(229): Illuminate\\Redis\\Connections\\Connection->command('get', Array)
#13 /var/www/vendor/laravel/framework/src/Illuminate/Cache/RedisStore.php(73): Illuminate\\Redis\\Connections\\Connection->__call('get', Array)
#14 /var/www/vendor/laravel/framework/src/Illuminate/Cache/Repository.php(117): Illuminate\\Cache\\RedisStore->get('illuminate:queu...')
#15 /var/www/vendor/laravel/framework/src/Illuminate/Queue/Worker.php(714): Illuminate\\Cache\\Repository->get('illuminate:queu...')
#16 /var/www/vendor/laravel/framework/src/Illuminate/Queue/Worker.php(139): Illuminate\\Queue\\Worker->getTimestampOfLastQueueRestart()
#17 /var/www/vendor/laravel/framework/src/Illuminate/Queue/Console/WorkCommand.php(149): Illuminate\\Queue\\Worker->daemon('redis', 'default', Object(Illuminate\\Queue\\WorkerOptions))
#18 /var/www/vendor/laravel/framework/src/Illuminate/Queue/Console/WorkCommand.php(132): Illuminate\\Queue\\Console\\WorkCommand->runWorker('redis', 'default')
#19 /var/www/vendor/laravel/framework/src/Illuminate/Container/BoundMethod.php(36): Illuminate\\Queue\\Console\\WorkCommand->handle()
#20 /var/www/vendor/laravel/framework/src/Illuminate/Container/Util.php(43): Illuminate\\Container\\BoundMethod::Illuminate\\Container\\{closure}()
#21 /var/www/vendor/laravel/framework/src/Illuminate/Container/BoundMethod.php(95): Illuminate\\Container\\Util::unwrapIfClosure(Object(Closure))
#22 /var/www/vendor/laravel/framework/src/Illuminate/Container/BoundMethod.php(35): Illuminate\\Container\\BoundMethod::callBoundMethod(Object(Illuminate\\Foundation\\Application), Array, Object(Closure))
#23 /var/www/vendor/laravel/framework/src/Illuminate/Container/Container.php(696): Illuminate\\Container\\BoundMethod::call(Object(Illuminate\\Foundation\\Application), Array, Array, NULL)
#24 /var/www/vendor/laravel/framework/src/Illuminate/Console/Command.php(213): Illuminate\\Container\\Container->call(Array)
#25 /var/www/vendor/symfony/console/Command/Command.php(279): Illuminate\\Console\\Command->execute(Object(Symfony\\Component\\Console\\Input\\ArgvInput), Object(Illuminate\\Console\\OutputStyle))
#26 /var/www/vendor/laravel/framework/src/Illuminate/Console/Command.php(182): Symfony\\Component\\Console\\Command\\Command->run(Object(Symfony\\Component\\Console\\Input\\ArgvInput), Object(Illuminate\\Console\\OutputStyle))
#27 /var/www/vendor/symfony/console/Application.php(1094): Illuminate\\Console\\Command->run(Object(Symfony\\Component\\Console\\Input\\ArgvInput), Object(Symfony\\Component\\Console\\Output\\ConsoleOutput))
#28 /var/www/vendor/symfony/console/Application.php(342): Symfony\\Component\\Console\\Application->doRunCommand(Object(Illuminate\\Queue\\Console\\WorkCommand), Object(Symfony\\Component\\Console\\Input\\ArgvInput), Object(Symfony\\Component\\Console\\Output\\ConsoleOutput))
#29 /var/www/vendor/symfony/console/Application.php(193): Symfony\\Component\\Console\\Application->doRun(Object(Symfony\\Component\\Console\\Input\\ArgvInput), Object(Symfony\\Component\\Console\\Output\\ConsoleOutput))
#30 /var/www/vendor/laravel/framework/src/Illuminate/Foundation/Console/Kernel.php(198): Symfony\\Component\\Console\\Application->run(Object(Symfony\\Component\\Console\\Input\\ArgvInput), Object(Symfony\\Component\\Console\\Output\\ConsoleOutput))
#31 /var/www/vendor/laravel/framework/src/Illuminate/Foundation/Application.php(1235): Illuminate\\Foundation\\Console\\Kernel->handle(Object(Symfony\\Component\\Console\\Input\\ArgvInput), Object(Symfony\\Component\\Console\\Output\\ConsoleOutput))
#32 /var/www/artisan(13): Illuminate\\Foundation\\Application->handleCommand(Object(Symfony\\Component\\Console\\Input\\ArgvInput))
#33 {main}
"} 
[2025-02-23 12:52:42] development.ERROR: Connection refused [tcp://127.0.0.1:6379] {"exception":"[object] (Predis\\Connection\\ConnectionException(code: 111): Connection refused [tcp://127.0.0.1:6379] at /var/www/vendor/predis/predis/src/Connection/AbstractConnection.php:132)
[stacktrace]
#0 /var/www/vendor/predis/predis/src/Connection/StreamConnection.php(109): Predis\\Connection\\AbstractConnection->onConnectionError('Connection refu...', 111)
#1 /var/www/vendor/predis/predis/src/Connection/StreamConnection.php(154): Predis\\Connection\\StreamConnection->createStreamSocket(Object(Predis\\Connection\\Parameters), 'tcp://127.0.0.1...', 4)
#2 /var/www/vendor/predis/predis/src/Connection/StreamConnection.php(80): Predis\\Connection\\StreamConnection->tcpStreamInitializer(Object(Predis\\Connection\\Parameters))
#3 /var/www/vendor/predis/predis/src/Connection/AbstractConnection.php(81): Predis\\Connection\\StreamConnection->createResource()
#4 /var/www/vendor/predis/predis/src/Connection/StreamConnection.php(230): Predis\\Connection\\AbstractConnection->connect()
#5 /var/www/vendor/predis/predis/src/Connection/AbstractConnection.php(157): Predis\\Connection\\StreamConnection->connect()
#6 /var/www/vendor/predis/predis/src/Connection/StreamConnection.php(260): Predis\\Connection\\AbstractConnection->getResource()
#7 /var/www/vendor/predis/predis/src/Connection/StreamConnection.php(367): Predis\\Connection\\StreamConnection->write('*2\\r\\n$3\\r\\nGET\\r\\n$6...')
#8 /var/www/vendor/predis/predis/src/Connection/AbstractConnection.php(110): Predis\\Connection\\StreamConnection->writeRequest(Object(Predis\\Command\\Redis\\GET))
#9 /var/www/vendor/predis/predis/src/Client.php(316): Predis\\Connection\\AbstractConnection->executeCommand(Object(Predis\\Command\\Redis\\GET))
#10 /var/www/vendor/predis/predis/src/Client.php(298): Predis\\Client->executeCommand(Object(Predis\\Command\\Redis\\GET))
#11 /var/www/vendor/laravel/framework/src/Illuminate/Redis/Connections/Connection.php(116): Predis\\Client->__call('get', Array)
#12 /var/www/vendor/laravel/framework/src/Illuminate/Redis/Connections/Connection.php(229): Illuminate\\Redis\\Connections\\Connection->command('get', Array)
#13 /var/www/vendor/laravel/framework/src/Illuminate/Cache/RedisStore.php(73): Illuminate\\Redis\\Connections\\Connection->__call('get', Array)
#14 /var/www/vendor/laravel/framework/src/Illuminate/Cache/Repository.php(117): Illuminate\\Cache\\RedisStore->get('illuminate:queu...')
#15 /var/www/vendor/laravel/framework/src/Illuminate/Queue/Worker.php(714): Illuminate\\Cache\\Repository->get('illuminate:queu...')
#16 /var/www/vendor/laravel/framework/src/Illuminate/Queue/Worker.php(139): Illuminate\\Queue\\Worker->getTimestampOfLastQueueRestart()
#17 /var/www/vendor/laravel/framework/src/Illuminate/Queue/Console/WorkCommand.php(149): Illuminate\\Queue\\Worker->daemon('redis', 'default', Object(Illuminate\\Queue\\WorkerOptions))
#18 /var/www/vendor/laravel/framework/src/Illuminate/Queue/Console/WorkCommand.php(132): Illuminate\\Queue\\Console\\WorkCommand->runWorker('redis', 'default')
#19 /var/www/vendor/laravel/framework/src/Illuminate/Container/BoundMethod.php(36): Illuminate\\Queue\\Console\\WorkCommand->handle()
#20 /var/www/vendor/laravel/framework/src/Illuminate/Container/Util.php(43): Illuminate\\Container\\BoundMethod::Illuminate\\Container\\{closure}()
#21 /var/www/vendor/laravel/framework/src/Illuminate/Container/BoundMethod.php(95): Illuminate\\Container\\Util::unwrapIfClosure(Object(Closure))
#22 /var/www/vendor/laravel/framework/src/Illuminate/Container/BoundMethod.php(35): Illuminate\\Container\\BoundMethod::callBoundMethod(Object(Illuminate\\Foundation\\Application), Array, Object(Closure))
#23 /var/www/vendor/laravel/framework/src/Illuminate/Container/Container.php(696): Illuminate\\Container\\BoundMethod::call(Object(Illuminate\\Foundation\\Application), Array, Array, NULL)
#24 /var/www/vendor/laravel/framework/src/Illuminate/Console/Command.php(213): Illuminate\\Container\\Container->call(Array)
#25 /var/www/vendor/symfony/console/Command/Command.php(279): Illuminate\\Console\\Command->execute(Object(Symfony\\Component\\Console\\Input\\ArgvInput), Object(Illuminate\\Console\\OutputStyle))
#26 /var/www/vendor/laravel/framework/src/Illuminate/Console/Command.php(182): Symfony\\Component\\Console\\Command\\Command->run(Object(Symfony\\Component\\Console\\Input\\ArgvInput), Object(Illuminate\\Console\\OutputStyle))
#27 /var/www/vendor/symfony/console/Application.php(1094): Illuminate\\Console\\Command->run(Object(Symfony\\Component\\Console\\Input\\ArgvInput), Object(Symfony\\Component\\Console\\Output\\ConsoleOutput))
#28 /var/www/vendor/symfony/console/Application.php(342): Symfony\\Component\\Console\\Application->doRunCommand(Object(Illuminate\\Queue\\Console\\WorkCommand), Object(Symfony\\Component\\Console\\Input\\ArgvInput), Object(Symfony\\Component\\Console\\Output\\ConsoleOutput))
#29 /var/www/vendor/symfony/console/Application.php(193): Symfony\\Component\\Console\\Application->doRun(Object(Symfony\\Component\\Console\\Input\\ArgvInput), Object(Symfony\\Component\\Console\\Output\\ConsoleOutput))
#30 /var/www/vendor/laravel/framework/src/Illuminate/Foundation/Console/Kernel.php(198): Symfony\\Component\\Console\\Application->run(Object(Symfony\\Component\\Console\\Input\\ArgvInput), Object(Symfony\\Component\\Console\\Output\\ConsoleOutput))
#31 /var/www/vendor/laravel/framework/src/Illuminate/Foundation/Application.php(1235): Illuminate\\Foundation\\Console\\Kernel->handle(Object(Symfony\\Component\\Console\\Input\\ArgvInput), Object(Symfony\\Component\\Console\\Output\\ConsoleOutput))
#32 /var/www/artisan(13): Illuminate\\Foundation\\Application->handleCommand(Object(Symfony\\Component\\Console\\Input\\ArgvInput))
#33 {main}
"} 
[2025-02-23 12:52:50] development.ERROR: Connection refused [tcp://127.0.0.1:6379] {"exception":"[object] (Predis\\Connection\\ConnectionException(code: 111): Connection refused [tcp://127.0.0.1:6379] at /var/www/vendor/predis/predis/src/Connection/AbstractConnection.php:132)
[stacktrace]
#0 /var/www/vendor/predis/predis/src/Connection/StreamConnection.php(109): Predis\\Connection\\AbstractConnection->onConnectionError('Connection refu...', 111)
#1 /var/www/vendor/predis/predis/src/Connection/StreamConnection.php(154): Predis\\Connection\\StreamConnection->createStreamSocket(Object(Predis\\Connection\\Parameters), 'tcp://127.0.0.1...', 4)
#2 /var/www/vendor/predis/predis/src/Connection/StreamConnection.php(80): Predis\\Connection\\StreamConnection->tcpStreamInitializer(Object(Predis\\Connection\\Parameters))
#3 /var/www/vendor/predis/predis/src/Connection/AbstractConnection.php(81): Predis\\Connection\\StreamConnection->createResource()
#4 /var/www/vendor/predis/predis/src/Connection/StreamConnection.php(230): Predis\\Connection\\AbstractConnection->connect()
#5 /var/www/vendor/predis/predis/src/Connection/AbstractConnection.php(157): Predis\\Connection\\StreamConnection->connect()
#6 /var/www/vendor/predis/predis/src/Connection/StreamConnection.php(260): Predis\\Connection\\AbstractConnection->getResource()
#7 /var/www/vendor/predis/predis/src/Connection/StreamConnection.php(367): Predis\\Connection\\StreamConnection->write('*2\\r\\n$3\\r\\nGET\\r\\n$6...')
#8 /var/www/vendor/predis/predis/src/Connection/AbstractConnection.php(110): Predis\\Connection\\StreamConnection->writeRequest(Object(Predis\\Command\\Redis\\GET))
#9 /var/www/vendor/predis/predis/src/Client.php(316): Predis\\Connection\\AbstractConnection->executeCommand(Object(Predis\\Command\\Redis\\GET))
#10 /var/www/vendor/predis/predis/src/Client.php(298): Predis\\Client->executeCommand(Object(Predis\\Command\\Redis\\GET))
#11 /var/www/vendor/laravel/framework/src/Illuminate/Redis/Connections/Connection.php(116): Predis\\Client->__call('get', Array)
#12 /var/www/vendor/laravel/framework/src/Illuminate/Redis/Connections/Connection.php(229): Illuminate\\Redis\\Connections\\Connection->command('get', Array)
#13 /var/www/vendor/laravel/framework/src/Illuminate/Cache/RedisStore.php(73): Illuminate\\Redis\\Connections\\Connection->__call('get', Array)
#14 /var/www/vendor/laravel/framework/src/Illuminate/Cache/Repository.php(117): Illuminate\\Cache\\RedisStore->get('illuminate:queu...')
#15 /var/www/vendor/laravel/framework/src/Illuminate/Queue/Worker.php(714): Illuminate\\Cache\\Repository->get('illuminate:queu...')
#16 /var/www/vendor/laravel/framework/src/Illuminate/Queue/Worker.php(139): Illuminate\\Queue\\Worker->getTimestampOfLastQueueRestart()
#17 /var/www/vendor/laravel/framework/src/Illuminate/Queue/Console/WorkCommand.php(149): Illuminate\\Queue\\Worker->daemon('redis', 'default', Object(Illuminate\\Queue\\WorkerOptions))
#18 /var/www/vendor/laravel/framework/src/Illuminate/Queue/Console/WorkCommand.php(132): Illuminate\\Queue\\Console\\WorkCommand->runWorker('redis', 'default')
#19 /var/www/vendor/laravel/framework/src/Illuminate/Container/BoundMethod.php(36): Illuminate\\Queue\\Console\\WorkCommand->handle()
#20 /var/www/vendor/laravel/framework/src/Illuminate/Container/Util.php(43): Illuminate\\Container\\BoundMethod::Illuminate\\Container\\{closure}()
#21 /var/www/vendor/laravel/framework/src/Illuminate/Container/BoundMethod.php(95): Illuminate\\Container\\Util::unwrapIfClosure(Object(Closure))
#22 /var/www/vendor/laravel/framework/src/Illuminate/Container/BoundMethod.php(35): Illuminate\\Container\\BoundMethod::callBoundMethod(Object(Illuminate\\Foundation\\Application), Array, Object(Closure))
#23 /var/www/vendor/laravel/framework/src/Illuminate/Container/Container.php(696): Illuminate\\Container\\BoundMethod::call(Object(Illuminate\\Foundation\\Application), Array, Array, NULL)
#24 /var/www/vendor/laravel/framework/src/Illuminate/Console/Command.php(213): Illuminate\\Container\\Container->call(Array)
#25 /var/www/vendor/symfony/console/Command/Command.php(279): Illuminate\\Console\\Command->execute(Object(Symfony\\Component\\Console\\Input\\ArgvInput), Object(Illuminate\\Console\\OutputStyle))
#26 /var/www/vendor/laravel/framework/src/Illuminate/Console/Command.php(182): Symfony\\Component\\Console\\Command\\Command->run(Object(Symfony\\Component\\Console\\Input\\ArgvInput), Object(Illuminate\\Console\\OutputStyle))
#27 /var/www/vendor/symfony/console/Application.php(1094): Illuminate\\Console\\Command->run(Object(Symfony\\Component\\Console\\Input\\ArgvInput), Object(Symfony\\Component\\Console\\Output\\ConsoleOutput))
#28 /var/www/vendor/symfony/console/Application.php(342): Symfony\\Component\\Console\\Application->doRunCommand(Object(Illuminate\\Queue\\Console\\WorkCommand), Object(Symfony\\Component\\Console\\Input\\ArgvInput), Object(Symfony\\Component\\Console\\Output\\ConsoleOutput))
#29 /var/www/vendor/symfony/console/Application.php(193): Symfony\\Component\\Console\\Application->doRun(Object(Symfony\\Component\\Console\\Input\\ArgvInput), Object(Symfony\\Component\\Console\\Output\\ConsoleOutput))
#30 /var/www/vendor/laravel/framework/src/Illuminate/Foundation/Console/Kernel.php(198): Symfony\\Component\\Console\\Application->run(Object(Symfony\\Component\\Console\\Input\\ArgvInput), Object(Symfony\\Component\\Console\\Output\\ConsoleOutput))
#31 /var/www/vendor/laravel/framework/src/Illuminate/Foundation/Application.php(1235): Illuminate\\Foundation\\Console\\Kernel->handle(Object(Symfony\\Component\\Console\\Input\\ArgvInput), Object(Symfony\\Component\\Console\\Output\\ConsoleOutput))
#32 /var/www/artisan(13): Illuminate\\Foundation\\Application->handleCommand(Object(Symfony\\Component\\Console\\Input\\ArgvInput))
#33 {main}
"} 
[2025-02-23 12:52:58] development.ERROR: Connection refused [tcp://127.0.0.1:6379] {"exception":"[object] (Predis\\Connection\\ConnectionException(code: 111): Connection refused [tcp://127.0.0.1:6379] at /var/www/vendor/predis/predis/src/Connection/AbstractConnection.php:132)
[stacktrace]
#0 /var/www/vendor/predis/predis/src/Connection/StreamConnection.php(109): Predis\\Connection\\AbstractConnection->onConnectionError('Connection refu...', 111)
#1 /var/www/vendor/predis/predis/src/Connection/StreamConnection.php(154): Predis\\Connection\\StreamConnection->createStreamSocket(Object(Predis\\Connection\\Parameters), 'tcp://127.0.0.1...', 4)
#2 /var/www/vendor/predis/predis/src/Connection/StreamConnection.php(80): Predis\\Connection\\StreamConnection->tcpStreamInitializer(Object(Predis\\Connection\\Parameters))
#3 /var/www/vendor/predis/predis/src/Connection/AbstractConnection.php(81): Predis\\Connection\\StreamConnection->createResource()
#4 /var/www/vendor/predis/predis/src/Connection/StreamConnection.php(230): Predis\\Connection\\AbstractConnection->connect()
#5 /var/www/vendor/predis/predis/src/Connection/AbstractConnection.php(157): Predis\\Connection\\StreamConnection->connect()
#6 /var/www/vendor/predis/predis/src/Connection/StreamConnection.php(260): Predis\\Connection\\AbstractConnection->getResource()
#7 /var/www/vendor/predis/predis/src/Connection/StreamConnection.php(367): Predis\\Connection\\StreamConnection->write('*2\\r\\n$3\\r\\nGET\\r\\n$6...')
#8 /var/www/vendor/predis/predis/src/Connection/AbstractConnection.php(110): Predis\\Connection\\StreamConnection->writeRequest(Object(Predis\\Command\\Redis\\GET))
#9 /var/www/vendor/predis/predis/src/Client.php(316): Predis\\Connection\\AbstractConnection->executeCommand(Object(Predis\\Command\\Redis\\GET))
#10 /var/www/vendor/predis/predis/src/Client.php(298): Predis\\Client->executeCommand(Object(Predis\\Command\\Redis\\GET))
#11 /var/www/vendor/laravel/framework/src/Illuminate/Redis/Connections/Connection.php(116): Predis\\Client->__call('get', Array)
#12 /var/www/vendor/laravel/framework/src/Illuminate/Redis/Connections/Connection.php(229): Illuminate\\Redis\\Connections\\Connection->command('get', Array)
#13 /var/www/vendor/laravel/framework/src/Illuminate/Cache/RedisStore.php(73): Illuminate\\Redis\\Connections\\Connection->__call('get', Array)
#14 /var/www/vendor/laravel/framework/src/Illuminate/Cache/Repository.php(117): Illuminate\\Cache\\RedisStore->get('illuminate:queu...')
#15 /var/www/vendor/laravel/framework/src/Illuminate/Queue/Worker.php(714): Illuminate\\Cache\\Repository->get('illuminate:queu...')
#16 /var/www/vendor/laravel/framework/src/Illuminate/Queue/Worker.php(139): Illuminate\\Queue\\Worker->getTimestampOfLastQueueRestart()
#17 /var/www/vendor/laravel/framework/src/Illuminate/Queue/Console/WorkCommand.php(149): Illuminate\\Queue\\Worker->daemon('redis', 'default', Object(Illuminate\\Queue\\WorkerOptions))
#18 /var/www/vendor/laravel/framework/src/Illuminate/Queue/Console/WorkCommand.php(132): Illuminate\\Queue\\Console\\WorkCommand->runWorker('redis', 'default')
#19 /var/www/vendor/laravel/framework/src/Illuminate/Container/BoundMethod.php(36): Illuminate\\Queue\\Console\\WorkCommand->handle()
#20 /var/www/vendor/laravel/framework/src/Illuminate/Container/Util.php(43): Illuminate\\Container\\BoundMethod::Illuminate\\Container\\{closure}()
#21 /var/www/vendor/laravel/framework/src/Illuminate/Container/BoundMethod.php(95): Illuminate\\Container\\Util::unwrapIfClosure(Object(Closure))
#22 /var/www/vendor/laravel/framework/src/Illuminate/Container/BoundMethod.php(35): Illuminate\\Container\\BoundMethod::callBoundMethod(Object(Illuminate\\Foundation\\Application), Array, Object(Closure))
#23 /var/www/vendor/laravel/framework/src/Illuminate/Container/Container.php(696): Illuminate\\Container\\BoundMethod::call(Object(Illuminate\\Foundation\\Application), Array, Array, NULL)
#24 /var/www/vendor/laravel/framework/src/Illuminate/Console/Command.php(213): Illuminate\\Container\\Container->call(Array)
#25 /var/www/vendor/symfony/console/Command/Command.php(279): Illuminate\\Console\\Command->execute(Object(Symfony\\Component\\Console\\Input\\ArgvInput), Object(Illuminate\\Console\\OutputStyle))
#26 /var/www/vendor/laravel/framework/src/Illuminate/Console/Command.php(182): Symfony\\Component\\Console\\Command\\Command->run(Object(Symfony\\Component\\Console\\Input\\ArgvInput), Object(Illuminate\\Console\\OutputStyle))
#27 /var/www/vendor/symfony/console/Application.php(1094): Illuminate\\Console\\Command->run(Object(Symfony\\Component\\Console\\Input\\ArgvInput), Object(Symfony\\Component\\Console\\Output\\ConsoleOutput))
#28 /var/www/vendor/symfony/console/Application.php(342): Symfony\\Component\\Console\\Application->doRunCommand(Object(Illuminate\\Queue\\Console\\WorkCommand), Object(Symfony\\Component\\Console\\Input\\ArgvInput), Object(Symfony\\Component\\Console\\Output\\ConsoleOutput))
#29 /var/www/vendor/symfony/console/Application.php(193): Symfony\\Component\\Console\\Application->doRun(Object(Symfony\\Component\\Console\\Input\\ArgvInput), Object(Symfony\\Component\\Console\\Output\\ConsoleOutput))
#30 /var/www/vendor/laravel/framework/src/Illuminate/Foundation/Console/Kernel.php(198): Symfony\\Component\\Console\\Application->run(Object(Symfony\\Component\\Console\\Input\\ArgvInput), Object(Symfony\\Component\\Console\\Output\\ConsoleOutput))
#31 /var/www/vendor/laravel/framework/src/Illuminate/Foundation/Application.php(1235): Illuminate\\Foundation\\Console\\Kernel->handle(Object(Symfony\\Component\\Console\\Input\\ArgvInput), Object(Symfony\\Component\\Console\\Output\\ConsoleOutput))
#32 /var/www/artisan(13): Illuminate\\Foundation\\Application->handleCommand(Object(Symfony\\Component\\Console\\Input\\ArgvInput))
#33 {main}
"} 
[2025-02-23 12:53:08] development.ERROR: Connection refused [tcp://127.0.0.1:6379] {"exception":"[object] (Predis\\Connection\\ConnectionException(code: 111): Connection refused [tcp://127.0.0.1:6379] at /var/www/vendor/predis/predis/src/Connection/AbstractConnection.php:132)
[stacktrace]
#0 /var/www/vendor/predis/predis/src/Connection/StreamConnection.php(109): Predis\\Connection\\AbstractConnection->onConnectionError('Connection refu...', 111)
#1 /var/www/vendor/predis/predis/src/Connection/StreamConnection.php(154): Predis\\Connection\\StreamConnection->createStreamSocket(Object(Predis\\Connection\\Parameters), 'tcp://127.0.0.1...', 4)
#2 /var/www/vendor/predis/predis/src/Connection/StreamConnection.php(80): Predis\\Connection\\StreamConnection->tcpStreamInitializer(Object(Predis\\Connection\\Parameters))
#3 /var/www/vendor/predis/predis/src/Connection/AbstractConnection.php(81): Predis\\Connection\\StreamConnection->createResource()
#4 /var/www/vendor/predis/predis/src/Connection/StreamConnection.php(230): Predis\\Connection\\AbstractConnection->connect()
#5 /var/www/vendor/predis/predis/src/Connection/AbstractConnection.php(157): Predis\\Connection\\StreamConnection->connect()
#6 /var/www/vendor/predis/predis/src/Connection/StreamConnection.php(260): Predis\\Connection\\AbstractConnection->getResource()
#7 /var/www/vendor/predis/predis/src/Connection/StreamConnection.php(367): Predis\\Connection\\StreamConnection->write('*2\\r\\n$3\\r\\nGET\\r\\n$6...')
#8 /var/www/vendor/predis/predis/src/Connection/AbstractConnection.php(110): Predis\\Connection\\StreamConnection->writeRequest(Object(Predis\\Command\\Redis\\GET))
#9 /var/www/vendor/predis/predis/src/Client.php(316): Predis\\Connection\\AbstractConnection->executeCommand(Object(Predis\\Command\\Redis\\GET))
#10 /var/www/vendor/predis/predis/src/Client.php(298): Predis\\Client->executeCommand(Object(Predis\\Command\\Redis\\GET))
#11 /var/www/vendor/laravel/framework/src/Illuminate/Redis/Connections/Connection.php(116): Predis\\Client->__call('get', Array)
#12 /var/www/vendor/laravel/framework/src/Illuminate/Redis/Connections/Connection.php(229): Illuminate\\Redis\\Connections\\Connection->command('get', Array)
#13 /var/www/vendor/laravel/framework/src/Illuminate/Cache/RedisStore.php(73): Illuminate\\Redis\\Connections\\Connection->__call('get', Array)
#14 /var/www/vendor/laravel/framework/src/Illuminate/Cache/Repository.php(117): Illuminate\\Cache\\RedisStore->get('illuminate:queu...')
#15 /var/www/vendor/laravel/framework/src/Illuminate/Queue/Worker.php(714): Illuminate\\Cache\\Repository->get('illuminate:queu...')
#16 /var/www/vendor/laravel/framework/src/Illuminate/Queue/Worker.php(139): Illuminate\\Queue\\Worker->getTimestampOfLastQueueRestart()
#17 /var/www/vendor/laravel/framework/src/Illuminate/Queue/Console/WorkCommand.php(149): Illuminate\\Queue\\Worker->daemon('redis', 'default', Object(Illuminate\\Queue\\WorkerOptions))
#18 /var/www/vendor/laravel/framework/src/Illuminate/Queue/Console/WorkCommand.php(132): Illuminate\\Queue\\Console\\WorkCommand->runWorker('redis', 'default')
#19 /var/www/vendor/laravel/framework/src/Illuminate/Container/BoundMethod.php(36): Illuminate\\Queue\\Console\\WorkCommand->handle()
#20 /var/www/vendor/laravel/framework/src/Illuminate/Container/Util.php(43): Illuminate\\Container\\BoundMethod::Illuminate\\Container\\{closure}()
#21 /var/www/vendor/laravel/framework/src/Illuminate/Container/BoundMethod.php(95): Illuminate\\Container\\Util::unwrapIfClosure(Object(Closure))
#22 /var/www/vendor/laravel/framework/src/Illuminate/Container/BoundMethod.php(35): Illuminate\\Container\\BoundMethod::callBoundMethod(Object(Illuminate\\Foundation\\Application), Array, Object(Closure))
#23 /var/www/vendor/laravel/framework/src/Illuminate/Container/Container.php(696): Illuminate\\Container\\BoundMethod::call(Object(Illuminate\\Foundation\\Application), Array, Array, NULL)
#24 /var/www/vendor/laravel/framework/src/Illuminate/Console/Command.php(213): Illuminate\\Container\\Container->call(Array)
#25 /var/www/vendor/symfony/console/Command/Command.php(279): Illuminate\\Console\\Command->execute(Object(Symfony\\Component\\Console\\Input\\ArgvInput), Object(Illuminate\\Console\\OutputStyle))
#26 /var/www/vendor/laravel/framework/src/Illuminate/Console/Command.php(182): Symfony\\Component\\Console\\Command\\Command->run(Object(Symfony\\Component\\Console\\Input\\ArgvInput), Object(Illuminate\\Console\\OutputStyle))
#27 /var/www/vendor/symfony/console/Application.php(1094): Illuminate\\Console\\Command->run(Object(Symfony\\Component\\Console\\Input\\ArgvInput), Object(Symfony\\Component\\Console\\Output\\ConsoleOutput))
#28 /var/www/vendor/symfony/console/Application.php(342): Symfony\\Component\\Console\\Application->doRunCommand(Object(Illuminate\\Queue\\Console\\WorkCommand), Object(Symfony\\Component\\Console\\Input\\ArgvInput), Object(Symfony\\Component\\Console\\Output\\ConsoleOutput))
#29 /var/www/vendor/symfony/console/Application.php(193): Symfony\\Component\\Console\\Application->doRun(Object(Symfony\\Component\\Console\\Input\\ArgvInput), Object(Symfony\\Component\\Console\\Output\\ConsoleOutput))
#30 /var/www/vendor/laravel/framework/src/Illuminate/Foundation/Console/Kernel.php(198): Symfony\\Component\\Console\\Application->run(Object(Symfony\\Component\\Console\\Input\\ArgvInput), Object(Symfony\\Component\\Console\\Output\\ConsoleOutput))
#31 /var/www/vendor/laravel/framework/src/Illuminate/Foundation/Application.php(1235): Illuminate\\Foundation\\Console\\Kernel->handle(Object(Symfony\\Component\\Console\\Input\\ArgvInput), Object(Symfony\\Component\\Console\\Output\\ConsoleOutput))
#32 /var/www/artisan(13): Illuminate\\Foundation\\Application->handleCommand(Object(Symfony\\Component\\Console\\Input\\ArgvInput))
#33 {main}
"} 
[2025-02-23 12:53:20] development.ERROR: Connection refused [tcp://127.0.0.1:6379] {"exception":"[object] (Predis\\Connection\\ConnectionException(code: 111): Connection refused [tcp://127.0.0.1:6379] at /var/www/vendor/predis/predis/src/Connection/AbstractConnection.php:132)
[stacktrace]
#0 /var/www/vendor/predis/predis/src/Connection/StreamConnection.php(109): Predis\\Connection\\AbstractConnection->onConnectionError('Connection refu...', 111)
#1 /var/www/vendor/predis/predis/src/Connection/StreamConnection.php(154): Predis\\Connection\\StreamConnection->createStreamSocket(Object(Predis\\Connection\\Parameters), 'tcp://127.0.0.1...', 4)
#2 /var/www/vendor/predis/predis/src/Connection/StreamConnection.php(80): Predis\\Connection\\StreamConnection->tcpStreamInitializer(Object(Predis\\Connection\\Parameters))
#3 /var/www/vendor/predis/predis/src/Connection/AbstractConnection.php(81): Predis\\Connection\\StreamConnection->createResource()
#4 /var/www/vendor/predis/predis/src/Connection/StreamConnection.php(230): Predis\\Connection\\AbstractConnection->connect()
#5 /var/www/vendor/predis/predis/src/Connection/AbstractConnection.php(157): Predis\\Connection\\StreamConnection->connect()
#6 /var/www/vendor/predis/predis/src/Connection/StreamConnection.php(260): Predis\\Connection\\AbstractConnection->getResource()
#7 /var/www/vendor/predis/predis/src/Connection/StreamConnection.php(367): Predis\\Connection\\StreamConnection->write('*2\\r\\n$3\\r\\nGET\\r\\n$6...')
#8 /var/www/vendor/predis/predis/src/Connection/AbstractConnection.php(110): Predis\\Connection\\StreamConnection->writeRequest(Object(Predis\\Command\\Redis\\GET))
#9 /var/www/vendor/predis/predis/src/Client.php(316): Predis\\Connection\\AbstractConnection->executeCommand(Object(Predis\\Command\\Redis\\GET))
#10 /var/www/vendor/predis/predis/src/Client.php(298): Predis\\Client->executeCommand(Object(Predis\\Command\\Redis\\GET))
#11 /var/www/vendor/laravel/framework/src/Illuminate/Redis/Connections/Connection.php(116): Predis\\Client->__call('get', Array)
#12 /var/www/vendor/laravel/framework/src/Illuminate/Redis/Connections/Connection.php(229): Illuminate\\Redis\\Connections\\Connection->command('get', Array)
#13 /var/www/vendor/laravel/framework/src/Illuminate/Cache/RedisStore.php(73): Illuminate\\Redis\\Connections\\Connection->__call('get', Array)
#14 /var/www/vendor/laravel/framework/src/Illuminate/Cache/Repository.php(117): Illuminate\\Cache\\RedisStore->get('illuminate:queu...')
#15 /var/www/vendor/laravel/framework/src/Illuminate/Queue/Worker.php(714): Illuminate\\Cache\\Repository->get('illuminate:queu...')
#16 /var/www/vendor/laravel/framework/src/Illuminate/Queue/Worker.php(139): Illuminate\\Queue\\Worker->getTimestampOfLastQueueRestart()
#17 /var/www/vendor/laravel/framework/src/Illuminate/Queue/Console/WorkCommand.php(149): Illuminate\\Queue\\Worker->daemon('redis', 'default', Object(Illuminate\\Queue\\WorkerOptions))
#18 /var/www/vendor/laravel/framework/src/Illuminate/Queue/Console/WorkCommand.php(132): Illuminate\\Queue\\Console\\WorkCommand->runWorker('redis', 'default')
#19 /var/www/vendor/laravel/framework/src/Illuminate/Container/BoundMethod.php(36): Illuminate\\Queue\\Console\\WorkCommand->handle()
#20 /var/www/vendor/laravel/framework/src/Illuminate/Container/Util.php(43): Illuminate\\Container\\BoundMethod::Illuminate\\Container\\{closure}()
#21 /var/www/vendor/laravel/framework/src/Illuminate/Container/BoundMethod.php(95): Illuminate\\Container\\Util::unwrapIfClosure(Object(Closure))
#22 /var/www/vendor/laravel/framework/src/Illuminate/Container/BoundMethod.php(35): Illuminate\\Container\\BoundMethod::callBoundMethod(Object(Illuminate\\Foundation\\Application), Array, Object(Closure))
#23 /var/www/vendor/laravel/framework/src/Illuminate/Container/Container.php(696): Illuminate\\Container\\BoundMethod::call(Object(Illuminate\\Foundation\\Application), Array, Array, NULL)
#24 /var/www/vendor/laravel/framework/src/Illuminate/Console/Command.php(213): Illuminate\\Container\\Container->call(Array)
#25 /var/www/vendor/symfony/console/Command/Command.php(279): Illuminate\\Console\\Command->execute(Object(Symfony\\Component\\Console\\Input\\ArgvInput), Object(Illuminate\\Console\\OutputStyle))
#26 /var/www/vendor/laravel/framework/src/Illuminate/Console/Command.php(182): Symfony\\Component\\Console\\Command\\Command->run(Object(Symfony\\Component\\Console\\Input\\ArgvInput), Object(Illuminate\\Console\\OutputStyle))
#27 /var/www/vendor/symfony/console/Application.php(1094): Illuminate\\Console\\Command->run(Object(Symfony\\Component\\Console\\Input\\ArgvInput), Object(Symfony\\Component\\Console\\Output\\ConsoleOutput))
#28 /var/www/vendor/symfony/console/Application.php(342): Symfony\\Component\\Console\\Application->doRunCommand(Object(Illuminate\\Queue\\Console\\WorkCommand), Object(Symfony\\Component\\Console\\Input\\ArgvInput), Object(Symfony\\Component\\Console\\Output\\ConsoleOutput))
#29 /var/www/vendor/symfony/console/Application.php(193): Symfony\\Component\\Console\\Application->doRun(Object(Symfony\\Component\\Console\\Input\\ArgvInput), Object(Symfony\\Component\\Console\\Output\\ConsoleOutput))
#30 /var/www/vendor/laravel/framework/src/Illuminate/Foundation/Console/Kernel.php(198): Symfony\\Component\\Console\\Application->run(Object(Symfony\\Component\\Console\\Input\\ArgvInput), Object(Symfony\\Component\\Console\\Output\\ConsoleOutput))
#31 /var/www/vendor/laravel/framework/src/Illuminate/Foundation/Application.php(1235): Illuminate\\Foundation\\Console\\Kernel->handle(Object(Symfony\\Component\\Console\\Input\\ArgvInput), Object(Symfony\\Component\\Console\\Output\\ConsoleOutput))
#32 /var/www/artisan(13): Illuminate\\Foundation\\Application->handleCommand(Object(Symfony\\Component\\Console\\Input\\ArgvInput))
#33 {main}
"} 
[2025-02-23 12:53:38] development.ERROR: Connection refused [tcp://127.0.0.1:6379] {"exception":"[object] (Predis\\Connection\\ConnectionException(code: 111): Connection refused [tcp://127.0.0.1:6379] at /var/www/vendor/predis/predis/src/Connection/AbstractConnection.php:132)
[stacktrace]
#0 /var/www/vendor/predis/predis/src/Connection/StreamConnection.php(109): Predis\\Connection\\AbstractConnection->onConnectionError('Connection refu...', 111)
#1 /var/www/vendor/predis/predis/src/Connection/StreamConnection.php(154): Predis\\Connection\\StreamConnection->createStreamSocket(Object(Predis\\Connection\\Parameters), 'tcp://127.0.0.1...', 4)
#2 /var/www/vendor/predis/predis/src/Connection/StreamConnection.php(80): Predis\\Connection\\StreamConnection->tcpStreamInitializer(Object(Predis\\Connection\\Parameters))
#3 /var/www/vendor/predis/predis/src/Connection/AbstractConnection.php(81): Predis\\Connection\\StreamConnection->createResource()
#4 /var/www/vendor/predis/predis/src/Connection/StreamConnection.php(230): Predis\\Connection\\AbstractConnection->connect()
#5 /var/www/vendor/predis/predis/src/Connection/AbstractConnection.php(157): Predis\\Connection\\StreamConnection->connect()
#6 /var/www/vendor/predis/predis/src/Connection/StreamConnection.php(260): Predis\\Connection\\AbstractConnection->getResource()
#7 /var/www/vendor/predis/predis/src/Connection/StreamConnection.php(367): Predis\\Connection\\StreamConnection->write('*2\\r\\n$3\\r\\nGET\\r\\n$6...')
#8 /var/www/vendor/predis/predis/src/Connection/AbstractConnection.php(110): Predis\\Connection\\StreamConnection->writeRequest(Object(Predis\\Command\\Redis\\GET))
#9 /var/www/vendor/predis/predis/src/Client.php(316): Predis\\Connection\\AbstractConnection->executeCommand(Object(Predis\\Command\\Redis\\GET))
#10 /var/www/vendor/predis/predis/src/Client.php(298): Predis\\Client->executeCommand(Object(Predis\\Command\\Redis\\GET))
#11 /var/www/vendor/laravel/framework/src/Illuminate/Redis/Connections/Connection.php(116): Predis\\Client->__call('get', Array)
#12 /var/www/vendor/laravel/framework/src/Illuminate/Redis/Connections/Connection.php(229): Illuminate\\Redis\\Connections\\Connection->command('get', Array)
#13 /var/www/vendor/laravel/framework/src/Illuminate/Cache/RedisStore.php(73): Illuminate\\Redis\\Connections\\Connection->__call('get', Array)
#14 /var/www/vendor/laravel/framework/src/Illuminate/Cache/Repository.php(117): Illuminate\\Cache\\RedisStore->get('illuminate:queu...')
#15 /var/www/vendor/laravel/framework/src/Illuminate/Queue/Worker.php(714): Illuminate\\Cache\\Repository->get('illuminate:queu...')
#16 /var/www/vendor/laravel/framework/src/Illuminate/Queue/Worker.php(139): Illuminate\\Queue\\Worker->getTimestampOfLastQueueRestart()
#17 /var/www/vendor/laravel/framework/src/Illuminate/Queue/Console/WorkCommand.php(149): Illuminate\\Queue\\Worker->daemon('redis', 'default', Object(Illuminate\\Queue\\WorkerOptions))
#18 /var/www/vendor/laravel/framework/src/Illuminate/Queue/Console/WorkCommand.php(132): Illuminate\\Queue\\Console\\WorkCommand->runWorker('redis', 'default')
#19 /var/www/vendor/laravel/framework/src/Illuminate/Container/BoundMethod.php(36): Illuminate\\Queue\\Console\\WorkCommand->handle()
#20 /var/www/vendor/laravel/framework/src/Illuminate/Container/Util.php(43): Illuminate\\Container\\BoundMethod::Illuminate\\Container\\{closure}()
#21 /var/www/vendor/laravel/framework/src/Illuminate/Container/BoundMethod.php(95): Illuminate\\Container\\Util::unwrapIfClosure(Object(Closure))
#22 /var/www/vendor/laravel/framework/src/Illuminate/Container/BoundMethod.php(35): Illuminate\\Container\\BoundMethod::callBoundMethod(Object(Illuminate\\Foundation\\Application), Array, Object(Closure))
#23 /var/www/vendor/laravel/framework/src/Illuminate/Container/Container.php(696): Illuminate\\Container\\BoundMethod::call(Object(Illuminate\\Foundation\\Application), Array, Array, NULL)
#24 /var/www/vendor/laravel/framework/src/Illuminate/Console/Command.php(213): Illuminate\\Container\\Container->call(Array)
#25 /var/www/vendor/symfony/console/Command/Command.php(279): Illuminate\\Console\\Command->execute(Object(Symfony\\Component\\Console\\Input\\ArgvInput), Object(Illuminate\\Console\\OutputStyle))
#26 /var/www/vendor/laravel/framework/src/Illuminate/Console/Command.php(182): Symfony\\Component\\Console\\Command\\Command->run(Object(Symfony\\Component\\Console\\Input\\ArgvInput), Object(Illuminate\\Console\\OutputStyle))
#27 /var/www/vendor/symfony/console/Application.php(1094): Illuminate\\Console\\Command->run(Object(Symfony\\Component\\Console\\Input\\ArgvInput), Object(Symfony\\Component\\Console\\Output\\ConsoleOutput))
#28 /var/www/vendor/symfony/console/Application.php(342): Symfony\\Component\\Console\\Application->doRunCommand(Object(Illuminate\\Queue\\Console\\WorkCommand), Object(Symfony\\Component\\Console\\Input\\ArgvInput), Object(Symfony\\Component\\Console\\Output\\ConsoleOutput))
#29 /var/www/vendor/symfony/console/Application.php(193): Symfony\\Component\\Console\\Application->doRun(Object(Symfony\\Component\\Console\\Input\\ArgvInput), Object(Symfony\\Component\\Console\\Output\\ConsoleOutput))
#30 /var/www/vendor/laravel/framework/src/Illuminate/Foundation/Console/Kernel.php(198): Symfony\\Component\\Console\\Application->run(Object(Symfony\\Component\\Console\\Input\\ArgvInput), Object(Symfony\\Component\\Console\\Output\\ConsoleOutput))
#31 /var/www/vendor/laravel/framework/src/Illuminate/Foundation/Application.php(1235): Illuminate\\Foundation\\Console\\Kernel->handle(Object(Symfony\\Component\\Console\\Input\\ArgvInput), Object(Symfony\\Component\\Console\\Output\\ConsoleOutput))
#32 /var/www/artisan(13): Illuminate\\Foundation\\Application->handleCommand(Object(Symfony\\Component\\Console\\Input\\ArgvInput))
#33 {main}
"} 
[2025-02-23 12:54:11] development.ERROR: Connection refused [tcp://127.0.0.1:6379] {"exception":"[object] (Predis\\Connection\\ConnectionException(code: 111): Connection refused [tcp://127.0.0.1:6379] at /var/www/vendor/predis/predis/src/Connection/AbstractConnection.php:132)
[stacktrace]
#0 /var/www/vendor/predis/predis/src/Connection/StreamConnection.php(109): Predis\\Connection\\AbstractConnection->onConnectionError('Connection refu...', 111)
#1 /var/www/vendor/predis/predis/src/Connection/StreamConnection.php(154): Predis\\Connection\\StreamConnection->createStreamSocket(Object(Predis\\Connection\\Parameters), 'tcp://127.0.0.1...', 4)
#2 /var/www/vendor/predis/predis/src/Connection/StreamConnection.php(80): Predis\\Connection\\StreamConnection->tcpStreamInitializer(Object(Predis\\Connection\\Parameters))
#3 /var/www/vendor/predis/predis/src/Connection/AbstractConnection.php(81): Predis\\Connection\\StreamConnection->createResource()
#4 /var/www/vendor/predis/predis/src/Connection/StreamConnection.php(230): Predis\\Connection\\AbstractConnection->connect()
#5 /var/www/vendor/predis/predis/src/Connection/AbstractConnection.php(157): Predis\\Connection\\StreamConnection->connect()
#6 /var/www/vendor/predis/predis/src/Connection/StreamConnection.php(260): Predis\\Connection\\AbstractConnection->getResource()
#7 /var/www/vendor/predis/predis/src/Connection/StreamConnection.php(367): Predis\\Connection\\StreamConnection->write('*2\\r\\n$3\\r\\nGET\\r\\n$6...')
#8 /var/www/vendor/predis/predis/src/Connection/AbstractConnection.php(110): Predis\\Connection\\StreamConnection->writeRequest(Object(Predis\\Command\\Redis\\GET))
#9 /var/www/vendor/predis/predis/src/Client.php(316): Predis\\Connection\\AbstractConnection->executeCommand(Object(Predis\\Command\\Redis\\GET))
#10 /var/www/vendor/predis/predis/src/Client.php(298): Predis\\Client->executeCommand(Object(Predis\\Command\\Redis\\GET))
#11 /var/www/vendor/laravel/framework/src/Illuminate/Redis/Connections/Connection.php(116): Predis\\Client->__call('get', Array)
#12 /var/www/vendor/laravel/framework/src/Illuminate/Redis/Connections/Connection.php(229): Illuminate\\Redis\\Connections\\Connection->command('get', Array)
#13 /var/www/vendor/laravel/framework/src/Illuminate/Cache/RedisStore.php(73): Illuminate\\Redis\\Connections\\Connection->__call('get', Array)
#14 /var/www/vendor/laravel/framework/src/Illuminate/Cache/Repository.php(117): Illuminate\\Cache\\RedisStore->get('illuminate:queu...')
#15 /var/www/vendor/laravel/framework/src/Illuminate/Queue/Worker.php(714): Illuminate\\Cache\\Repository->get('illuminate:queu...')
#16 /var/www/vendor/laravel/framework/src/Illuminate/Queue/Worker.php(139): Illuminate\\Queue\\Worker->getTimestampOfLastQueueRestart()
#17 /var/www/vendor/laravel/framework/src/Illuminate/Queue/Console/WorkCommand.php(149): Illuminate\\Queue\\Worker->daemon('redis', 'default', Object(Illuminate\\Queue\\WorkerOptions))
#18 /var/www/vendor/laravel/framework/src/Illuminate/Queue/Console/WorkCommand.php(132): Illuminate\\Queue\\Console\\WorkCommand->runWorker('redis', 'default')
#19 /var/www/vendor/laravel/framework/src/Illuminate/Container/BoundMethod.php(36): Illuminate\\Queue\\Console\\WorkCommand->handle()
#20 /var/www/vendor/laravel/framework/src/Illuminate/Container/Util.php(43): Illuminate\\Container\\BoundMethod::Illuminate\\Container\\{closure}()
#21 /var/www/vendor/laravel/framework/src/Illuminate/Container/BoundMethod.php(95): Illuminate\\Container\\Util::unwrapIfClosure(Object(Closure))
#22 /var/www/vendor/laravel/framework/src/Illuminate/Container/BoundMethod.php(35): Illuminate\\Container\\BoundMethod::callBoundMethod(Object(Illuminate\\Foundation\\Application), Array, Object(Closure))
#23 /var/www/vendor/laravel/framework/src/Illuminate/Container/Container.php(696): Illuminate\\Container\\BoundMethod::call(Object(Illuminate\\Foundation\\Application), Array, Array, NULL)
#24 /var/www/vendor/laravel/framework/src/Illuminate/Console/Command.php(213): Illuminate\\Container\\Container->call(Array)
#25 /var/www/vendor/symfony/console/Command/Command.php(279): Illuminate\\Console\\Command->execute(Object(Symfony\\Component\\Console\\Input\\ArgvInput), Object(Illuminate\\Console\\OutputStyle))
#26 /var/www/vendor/laravel/framework/src/Illuminate/Console/Command.php(182): Symfony\\Component\\Console\\Command\\Command->run(Object(Symfony\\Component\\Console\\Input\\ArgvInput), Object(Illuminate\\Console\\OutputStyle))
#27 /var/www/vendor/symfony/console/Application.php(1094): Illuminate\\Console\\Command->run(Object(Symfony\\Component\\Console\\Input\\ArgvInput), Object(Symfony\\Component\\Console\\Output\\ConsoleOutput))
#28 /var/www/vendor/symfony/console/Application.php(342): Symfony\\Component\\Console\\Application->doRunCommand(Object(Illuminate\\Queue\\Console\\WorkCommand), Object(Symfony\\Component\\Console\\Input\\ArgvInput), Object(Symfony\\Component\\Console\\Output\\ConsoleOutput))
#29 /var/www/vendor/symfony/console/Application.php(193): Symfony\\Component\\Console\\Application->doRun(Object(Symfony\\Component\\Console\\Input\\ArgvInput), Object(Symfony\\Component\\Console\\Output\\ConsoleOutput))
#30 /var/www/vendor/laravel/framework/src/Illuminate/Foundation/Console/Kernel.php(198): Symfony\\Component\\Console\\Application->run(Object(Symfony\\Component\\Console\\Input\\ArgvInput), Object(Symfony\\Component\\Console\\Output\\ConsoleOutput))
#31 /var/www/vendor/laravel/framework/src/Illuminate/Foundation/Application.php(1235): Illuminate\\Foundation\\Console\\Kernel->handle(Object(Symfony\\Component\\Console\\Input\\ArgvInput), Object(Symfony\\Component\\Console\\Output\\ConsoleOutput))
#32 /var/www/artisan(13): Illuminate\\Foundation\\Application->handleCommand(Object(Symfony\\Component\\Console\\Input\\ArgvInput))
#33 {main}
"} 
[2025-02-23 13:19:07] development.ERROR: Connection refused [tcp://127.0.0.1:6379] {"exception":"[object] (Predis\\Connection\\ConnectionException(code: 111): Connection refused [tcp://127.0.0.1:6379] at /var/www/vendor/predis/predis/src/Connection/AbstractConnection.php:132)
[stacktrace]
#0 /var/www/vendor/predis/predis/src/Connection/StreamConnection.php(109): Predis\\Connection\\AbstractConnection->onConnectionError('Connection refu...', 111)
#1 /var/www/vendor/predis/predis/src/Connection/StreamConnection.php(154): Predis\\Connection\\StreamConnection->createStreamSocket(Object(Predis\\Connection\\Parameters), 'tcp://127.0.0.1...', 4)
#2 /var/www/vendor/predis/predis/src/Connection/StreamConnection.php(80): Predis\\Connection\\StreamConnection->tcpStreamInitializer(Object(Predis\\Connection\\Parameters))
#3 /var/www/vendor/predis/predis/src/Connection/AbstractConnection.php(81): Predis\\Connection\\StreamConnection->createResource()
#4 /var/www/vendor/predis/predis/src/Connection/StreamConnection.php(230): Predis\\Connection\\AbstractConnection->connect()
#5 /var/www/vendor/predis/predis/src/Connection/AbstractConnection.php(157): Predis\\Connection\\StreamConnection->connect()
#6 /var/www/vendor/predis/predis/src/Connection/StreamConnection.php(260): Predis\\Connection\\AbstractConnection->getResource()
#7 /var/www/vendor/predis/predis/src/Connection/StreamConnection.php(367): Predis\\Connection\\StreamConnection->write('*2\\r\\n$3\\r\\nGET\\r\\n$6...')
#8 /var/www/vendor/predis/predis/src/Connection/AbstractConnection.php(110): Predis\\Connection\\StreamConnection->writeRequest(Object(Predis\\Command\\Redis\\GET))
#9 /var/www/vendor/predis/predis/src/Client.php(316): Predis\\Connection\\AbstractConnection->executeCommand(Object(Predis\\Command\\Redis\\GET))
#10 /var/www/vendor/predis/predis/src/Client.php(298): Predis\\Client->executeCommand(Object(Predis\\Command\\Redis\\GET))
#11 /var/www/vendor/laravel/framework/src/Illuminate/Redis/Connections/Connection.php(116): Predis\\Client->__call('get', Array)
#12 /var/www/vendor/laravel/framework/src/Illuminate/Redis/Connections/Connection.php(229): Illuminate\\Redis\\Connections\\Connection->command('get', Array)
#13 /var/www/vendor/laravel/framework/src/Illuminate/Cache/RedisStore.php(73): Illuminate\\Redis\\Connections\\Connection->__call('get', Array)
#14 /var/www/vendor/laravel/framework/src/Illuminate/Cache/Repository.php(117): Illuminate\\Cache\\RedisStore->get('illuminate:queu...')
#15 /var/www/vendor/laravel/framework/src/Illuminate/Queue/Worker.php(714): Illuminate\\Cache\\Repository->get('illuminate:queu...')
#16 /var/www/vendor/laravel/framework/src/Illuminate/Queue/Worker.php(139): Illuminate\\Queue\\Worker->getTimestampOfLastQueueRestart()
#17 /var/www/vendor/laravel/framework/src/Illuminate/Queue/Console/WorkCommand.php(149): Illuminate\\Queue\\Worker->daemon('redis', 'default', Object(Illuminate\\Queue\\WorkerOptions))
#18 /var/www/vendor/laravel/framework/src/Illuminate/Queue/Console/WorkCommand.php(132): Illuminate\\Queue\\Console\\WorkCommand->runWorker('redis', 'default')
#19 /var/www/vendor/laravel/framework/src/Illuminate/Container/BoundMethod.php(36): Illuminate\\Queue\\Console\\WorkCommand->handle()
#20 /var/www/vendor/laravel/framework/src/Illuminate/Container/Util.php(43): Illuminate\\Container\\BoundMethod::Illuminate\\Container\\{closure}()
#21 /var/www/vendor/laravel/framework/src/Illuminate/Container/BoundMethod.php(95): Illuminate\\Container\\Util::unwrapIfClosure(Object(Closure))
#22 /var/www/vendor/laravel/framework/src/Illuminate/Container/BoundMethod.php(35): Illuminate\\Container\\BoundMethod::callBoundMethod(Object(Illuminate\\Foundation\\Application), Array, Object(Closure))
#23 /var/www/vendor/laravel/framework/src/Illuminate/Container/Container.php(696): Illuminate\\Container\\BoundMethod::call(Object(Illuminate\\Foundation\\Application), Array, Array, NULL)
#24 /var/www/vendor/laravel/framework/src/Illuminate/Console/Command.php(213): Illuminate\\Container\\Container->call(Array)
#25 /var/www/vendor/symfony/console/Command/Command.php(279): Illuminate\\Console\\Command->execute(Object(Symfony\\Component\\Console\\Input\\ArgvInput), Object(Illuminate\\Console\\OutputStyle))
#26 /var/www/vendor/laravel/framework/src/Illuminate/Console/Command.php(182): Symfony\\Component\\Console\\Command\\Command->run(Object(Symfony\\Component\\Console\\Input\\ArgvInput), Object(Illuminate\\Console\\OutputStyle))
#27 /var/www/vendor/symfony/console/Application.php(1094): Illuminate\\Console\\Command->run(Object(Symfony\\Component\\Console\\Input\\ArgvInput), Object(Symfony\\Component\\Console\\Output\\ConsoleOutput))
#28 /var/www/vendor/symfony/console/Application.php(342): Symfony\\Component\\Console\\Application->doRunCommand(Object(Illuminate\\Queue\\Console\\WorkCommand), Object(Symfony\\Component\\Console\\Input\\ArgvInput), Object(Symfony\\Component\\Console\\Output\\ConsoleOutput))
#29 /var/www/vendor/symfony/console/Application.php(193): Symfony\\Component\\Console\\Application->doRun(Object(Symfony\\Component\\Console\\Input\\ArgvInput), Object(Symfony\\Component\\Console\\Output\\ConsoleOutput))
#30 /var/www/vendor/laravel/framework/src/Illuminate/Foundation/Console/Kernel.php(198): Symfony\\Component\\Console\\Application->run(Object(Symfony\\Component\\Console\\Input\\ArgvInput), Object(Symfony\\Component\\Console\\Output\\ConsoleOutput))
#31 /var/www/vendor/laravel/framework/src/Illuminate/Foundation/Application.php(1235): Illuminate\\Foundation\\Console\\Kernel->handle(Object(Symfony\\Component\\Console\\Input\\ArgvInput), Object(Symfony\\Component\\Console\\Output\\ConsoleOutput))
#32 /var/www/artisan(13): Illuminate\\Foundation\\Application->handleCommand(Object(Symfony\\Component\\Console\\Input\\ArgvInput))
#33 {main}
"} 
[2025-02-23 13:23:08] development.ERROR: Connection refused [tcp://127.0.0.1:6379] {"exception":"[object] (Predis\\Connection\\ConnectionException(code: 111): Connection refused [tcp://127.0.0.1:6379] at /var/www/vendor/predis/predis/src/Connection/AbstractConnection.php:132)
[stacktrace]
#0 /var/www/vendor/predis/predis/src/Connection/StreamConnection.php(109): Predis\\Connection\\AbstractConnection->onConnectionError('Connection refu...', 111)
#1 /var/www/vendor/predis/predis/src/Connection/StreamConnection.php(154): Predis\\Connection\\StreamConnection->createStreamSocket(Object(Predis\\Connection\\Parameters), 'tcp://127.0.0.1...', 4)
#2 /var/www/vendor/predis/predis/src/Connection/StreamConnection.php(80): Predis\\Connection\\StreamConnection->tcpStreamInitializer(Object(Predis\\Connection\\Parameters))
#3 /var/www/vendor/predis/predis/src/Connection/AbstractConnection.php(81): Predis\\Connection\\StreamConnection->createResource()
#4 /var/www/vendor/predis/predis/src/Connection/StreamConnection.php(230): Predis\\Connection\\AbstractConnection->connect()
#5 /var/www/vendor/predis/predis/src/Connection/AbstractConnection.php(157): Predis\\Connection\\StreamConnection->connect()
#6 /var/www/vendor/predis/predis/src/Connection/StreamConnection.php(260): Predis\\Connection\\AbstractConnection->getResource()
#7 /var/www/vendor/predis/predis/src/Connection/StreamConnection.php(367): Predis\\Connection\\StreamConnection->write('*2\\r\\n$3\\r\\nGET\\r\\n$6...')
#8 /var/www/vendor/predis/predis/src/Connection/AbstractConnection.php(110): Predis\\Connection\\StreamConnection->writeRequest(Object(Predis\\Command\\Redis\\GET))
#9 /var/www/vendor/predis/predis/src/Client.php(316): Predis\\Connection\\AbstractConnection->executeCommand(Object(Predis\\Command\\Redis\\GET))
#10 /var/www/vendor/predis/predis/src/Client.php(298): Predis\\Client->executeCommand(Object(Predis\\Command\\Redis\\GET))
#11 /var/www/vendor/laravel/framework/src/Illuminate/Redis/Connections/Connection.php(116): Predis\\Client->__call('get', Array)
#12 /var/www/vendor/laravel/framework/src/Illuminate/Redis/Connections/Connection.php(229): Illuminate\\Redis\\Connections\\Connection->command('get', Array)
#13 /var/www/vendor/laravel/framework/src/Illuminate/Cache/RedisStore.php(73): Illuminate\\Redis\\Connections\\Connection->__call('get', Array)
#14 /var/www/vendor/laravel/framework/src/Illuminate/Cache/Repository.php(117): Illuminate\\Cache\\RedisStore->get('illuminate:queu...')
#15 /var/www/vendor/laravel/framework/src/Illuminate/Queue/Worker.php(714): Illuminate\\Cache\\Repository->get('illuminate:queu...')
#16 /var/www/vendor/laravel/framework/src/Illuminate/Queue/Worker.php(139): Illuminate\\Queue\\Worker->getTimestampOfLastQueueRestart()
#17 /var/www/vendor/laravel/framework/src/Illuminate/Queue/Console/WorkCommand.php(149): Illuminate\\Queue\\Worker->daemon('redis', 'default', Object(Illuminate\\Queue\\WorkerOptions))
#18 /var/www/vendor/laravel/framework/src/Illuminate/Queue/Console/WorkCommand.php(132): Illuminate\\Queue\\Console\\WorkCommand->runWorker('redis', 'default')
#19 /var/www/vendor/laravel/framework/src/Illuminate/Container/BoundMethod.php(36): Illuminate\\Queue\\Console\\WorkCommand->handle()
#20 /var/www/vendor/laravel/framework/src/Illuminate/Container/Util.php(43): Illuminate\\Container\\BoundMethod::Illuminate\\Container\\{closure}()
#21 /var/www/vendor/laravel/framework/src/Illuminate/Container/BoundMethod.php(95): Illuminate\\Container\\Util::unwrapIfClosure(Object(Closure))
#22 /var/www/vendor/laravel/framework/src/Illuminate/Container/BoundMethod.php(35): Illuminate\\Container\\BoundMethod::callBoundMethod(Object(Illuminate\\Foundation\\Application), Array, Object(Closure))
#23 /var/www/vendor/laravel/framework/src/Illuminate/Container/Container.php(696): Illuminate\\Container\\BoundMethod::call(Object(Illuminate\\Foundation\\Application), Array, Array, NULL)
#24 /var/www/vendor/laravel/framework/src/Illuminate/Console/Command.php(213): Illuminate\\Container\\Container->call(Array)
#25 /var/www/vendor/symfony/console/Command/Command.php(279): Illuminate\\Console\\Command->execute(Object(Symfony\\Component\\Console\\Input\\ArgvInput), Object(Illuminate\\Console\\OutputStyle))
#26 /var/www/vendor/laravel/framework/src/Illuminate/Console/Command.php(182): Symfony\\Component\\Console\\Command\\Command->run(Object(Symfony\\Component\\Console\\Input\\ArgvInput), Object(Illuminate\\Console\\OutputStyle))
#27 /var/www/vendor/symfony/console/Application.php(1094): Illuminate\\Console\\Command->run(Object(Symfony\\Component\\Console\\Input\\ArgvInput), Object(Symfony\\Component\\Console\\Output\\ConsoleOutput))
#28 /var/www/vendor/symfony/console/Application.php(342): Symfony\\Component\\Console\\Application->doRunCommand(Object(Illuminate\\Queue\\Console\\WorkCommand), Object(Symfony\\Component\\Console\\Input\\ArgvInput), Object(Symfony\\Component\\Console\\Output\\ConsoleOutput))
#29 /var/www/vendor/symfony/console/Application.php(193): Symfony\\Component\\Console\\Application->doRun(Object(Symfony\\Component\\Console\\Input\\ArgvInput), Object(Symfony\\Component\\Console\\Output\\ConsoleOutput))
#30 /var/www/vendor/laravel/framework/src/Illuminate/Foundation/Console/Kernel.php(198): Symfony\\Component\\Console\\Application->run(Object(Symfony\\Component\\Console\\Input\\ArgvInput), Object(Symfony\\Component\\Console\\Output\\ConsoleOutput))
#31 /var/www/vendor/laravel/framework/src/Illuminate/Foundation/Application.php(1235): Illuminate\\Foundation\\Console\\Kernel->handle(Object(Symfony\\Component\\Console\\Input\\ArgvInput), Object(Symfony\\Component\\Console\\Output\\ConsoleOutput))
#32 /var/www/artisan(13): Illuminate\\Foundation\\Application->handleCommand(Object(Symfony\\Component\\Console\\Input\\ArgvInput))
#33 {main}
"} 
